<?xml version="1.0" encoding="UTF-8"?>
<testsuite xmlns:xsi="http://www.w3.org/2001/XMLSchema-instance" xsi:noNamespaceSchemaLocation="https://maven.apache.org/surefire/maven-surefire-plugin/xsd/surefire-test-report-3.0.xsd" version="3.0" name="ui.DetailsControllerTest" time="33.917" tests="19" errors="0" skipped="0" failures="0">
  <properties>
[...]
</properties>
  <testcase name="testValidTransfer" classname="ui.DetailsControllerTest" time="2.555"/>
  <testcase name="testExceedingMaxNumberOfWithdrawalsSavingsAccount" classname="ui.DetailsControllerTest" time="4.287"/>
  <testcase name="testTransferWithSameAccounts" classname="ui.DetailsControllerTest" time="2.311"/>
  <testcase name="testTransferWithNegativeAmount" classname="ui.DetailsControllerTest" time="2.341"/>
  <testcase name="testTransferMoreThanAccountBalance" classname="ui.DetailsControllerTest" time="2.276"/>
  <testcase name="testValidDeleteAccount" classname="ui.DetailsControllerTest" time="2.961"/>
  <testcase name="testDeleteAccountWithMoney" classname="ui.DetailsControllerTest" time="1.627"/>
  <testcase name="testController" classname="ui.DetailsControllerTest" time="0.37"/>
  <testcase name="testCorrectCashFlowAccessInstance" classname="ui.DetailsControllerTest" time="0.395"/>
  <testcase name="testChooseCheckingAccount" classname="ui.DetailsControllerTest" time="1.798"/>
  <testcase name="testChooseBsuAccount" classname="ui.DetailsControllerTest" time="2.237"/>
  <testcase name="testDeleteAccountWithoutChoosingAccount" classname="ui.DetailsControllerTest" time="1.005"/>
  <testcase name="testWhenOnChooseAccount" classname="ui.DetailsControllerTest" time="1.147"/>
  <testcase name="testGoToMainPage" classname="ui.DetailsControllerTest" time="1.065"/>
  <testcase name="testChooseSavingsAccount" classname="ui.DetailsControllerTest" time="1.884"/>
  <testcase name="testSettingTransferAmountToNonNumber" classname="ui.DetailsControllerTest" time="2.195"/>
  <testcase name="testTransferWithoutAnyAccounts" classname="ui.DetailsControllerTest" time="0.544"/>
  <testcase name="testTransferWithoutDetailedAccount" classname="ui.DetailsControllerTest" time="1.131"/>
  <testcase name="testTransferWithoutRecipientAccount" classname="ui.DetailsControllerTest" time="1.762"/>
</testsuite>